<?xml version="1.0" encoding="UTF-8"?>
<testng-results ignored="0" total="1" passed="1" failed="0" skipped="0">
  <reporter-output>
  </reporter-output>
  <suite started-at="2023-05-29T17:30:13 IST" name="Default suite" finished-at="2023-05-29T17:30:39 IST" duration-ms="26554">
    <groups>
    </groups>
    <test started-at="2023-05-29T17:30:13 IST" name="Default test" finished-at="2023-05-29T17:30:39 IST" duration-ms="26554">
      <class name="testpackage.HandleSeleniumTest">
        <test-method signature="test01()[pri:0, instance:testpackage.HandleSeleniumTest@316bcf94]" started-at="2023-05-29T17:30:13 IST" name="test01" finished-at="2023-05-29T17:30:39 IST" duration-ms="26475" status="PASS">
          <reporter-output>
          </reporter-output>
        </test-method> <!-- test01 -->
      </class> <!-- testpackage.HandleSeleniumTest -->
    </test> <!-- Default test -->
  </suite> <!-- Default suite -->
</testng-results>
